<?xml version="1.0" encoding="UTF-8"?>
<!-- Generated by org.testng.reporters.JUnitReportReporter -->
<testsuite hostname="DESKTOP-6TV2UDH" failures="0" tests="3" name="Batch_execution_i_testNg.C" time="0.006" errors="0" timestamp="2022-08-29T16:00:01 IST" skipped="0">
  <testcase classname="Batch_execution_i_testNg.C" name="TC9" time="0.002"/>
  <system-out>
    <![CDATA[running from tc 9]]>
  </system-out>
  <testcase classname="Batch_execution_i_testNg.C" name="TC8" time="0.002"/>
  <system-out>
    <![CDATA[running from tc 8]]>
  </system-out>
  <testcase classname="Batch_execution_i_testNg.C" name="TC7" time="0.002"/>
  <system-out>
    <![CDATA[running from tc 7]]>
  </system-out>
</testsuite> <!-- Batch_execution_i_testNg.C -->
