<?xml version="1.0" encoding="UTF-8"?>
<!-- Generated by org.testng.reporters.JUnitReportReporter -->
<testsuite hostname="DESKTOP-6TV2UDH" failures="0" tests="3" name="Batch_execution_i_testNg.Disable_tc_using_class" time="0.031" errors="0" timestamp="2022-08-29T17:41:21 IST" skipped="1">
  <testcase classname="Batch_execution_i_testNg.Disable_tc_using_class" name="TC1" time="0.018"/>
  <system-out>
    <![CDATA[running tc1]]>
  </system-out>
  <testcase classname="Batch_execution_i_testNg.Disable_tc_using_class" name="TC2" time="0.013"/>
  <system-out>
    <![CDATA[running tc2]]>
  </system-out>
  <testcase classname="Batch_execution_i_testNg.Disable_tc_using_class" name="TC3">
    <skipped/>
  </testcase> <!-- TC3 -->
  <system-out/>
</testsuite> <!-- Batch_execution_i_testNg.Disable_tc_using_class -->
