<?xml version="1.0" encoding="UTF-8"?>
<!-- Generated by org.testng.reporters.JUnitReportReporter -->
<testsuite hostname="DESKTOP-6TV2UDH" failures="0" tests="3" name="Batch_execution_i_testNg.A" time="0.007" errors="0" timestamp="2022-08-29T16:00:01 IST" skipped="0">
  <testcase classname="Batch_execution_i_testNg.A" name="TC3" time="0.003"/>
  <system-out>
    <![CDATA[running tc3]]>
  </system-out>
  <testcase classname="Batch_execution_i_testNg.A" name="TC1" time="0.002"/>
  <system-out>
    <![CDATA[running tc1]]>
  </system-out>
  <testcase classname="Batch_execution_i_testNg.A" name="TC2" time="0.002"/>
  <system-out>
    <![CDATA[running tc2]]>
  </system-out>
</testsuite> <!-- Batch_execution_i_testNg.A -->
