<?xml version="1.0" encoding="UTF-8"?>
<!-- Generated by org.testng.reporters.JUnitReportReporter -->
<testsuite hostname="DESKTOP-6TV2UDH" failures="0" tests="3" name="Batch_execution_i_testNg.B" time="0.023" errors="0" timestamp="2022-08-29T16:00:01 IST" skipped="0">
  <testcase classname="Batch_execution_i_testNg.B" name="TC4" time="0.019"/>
  <system-out>
    <![CDATA[running tc 4]]>
  </system-out>
  <testcase classname="Batch_execution_i_testNg.B" name="TC5" time="0.002"/>
  <system-out>
    <![CDATA[running tc 5]]>
  </system-out>
  <testcase classname="Batch_execution_i_testNg.B" name="TC6" time="0.002"/>
  <system-out>
    <![CDATA[running tc 6]]>
  </system-out>
</testsuite> <!-- Batch_execution_i_testNg.B -->
